Build started 5/26/2013 2:42:15 AM.
     1>Project "D:\Simon\Documents\GitHub\Kandidatarbete\torcs-1.3.4\src\drivers\ANN_Bot_2\ANN_Bot_2.vcxproj" on node 5 (Build target(s)).
     1>ClCompile:
         D:\Program\Microsoft Visual Studio 11.0\VC\bin\CL.exe /c /I../../../export/include /I../../windows/include /I../../.. /Zi /nologo /W2 /WX- /Od /Oy- /D WIN32 /D _DEBUG /D _WINDOWS /D _USRDLL /D ANN_BOT_2_EXPORTS /D DEBUG /D DEBUG_OUT /D _VC80_UPGRADE=0x0600 /D _WINDLL /D _MBCS /Gm- /EHsc /RTC1 /MTd /GS /fp:precise /Zc:wchar_t /Zc:forScope /Fo".\Debug/" /Fd".\Debug/vc110.pdb" /FR".\Debug\\" /Gd /TP /analyze- /errorReport:prompt mycar.cpp NeuralNetwork.cpp NeuronLayer.cpp pathfinder.cpp sensors.cpp spline.cpp ANN_Bot_2.cpp pref.cpp trackdesc.cpp
         mycar.cpp
         NeuralNetwork.cpp
         NeuronLayer.cpp
         pathfinder.cpp
         sensors.cpp
     1>sensors.cpp(129): warning C4305: 'initializing' : truncation from 'double' to 'float'
     1>sensors.cpp(159): warning C4305: 'initializing' : truncation from 'double' to 'float'
     1>sensors.cpp(189): warning C4305: 'initializing' : truncation from 'double' to 'float'
     1>sensors.cpp(219): warning C4305: 'initializing' : truncation from 'double' to 'float'
     1>sensors.cpp(273): warning C4305: 'initializing' : truncation from 'double' to 'float'
     1>sensors.cpp(296): warning C4305: 'initializing' : truncation from 'double' to 'float'
         spline.cpp
         ANN_Bot_2.cpp
         pref.cpp
         trackdesc.cpp
         Generating Code...
       Link:
         D:\Program\Microsoft Visual Studio 11.0\VC\bin\link.exe /ERRORREPORT:PROMPT /OUT:".\Debug/ANN_Bot_2.dll" /INCREMENTAL:NO /NOLOGO /LIBPATH:../../../export/libd /LIBPATH:../../windows/lib client.lib tgf.lib robottools.lib sg_vs2008_32.lib ul_vs2008_32.lib kernel32.lib user32.lib gdi32.lib winspool.lib comdlg32.lib advapi32.lib shell32.lib ole32.lib oleaut32.lib uuid.lib odbc32.lib odbccp32.lib /NODEFAULTLIB:LIBCMT /DEF:".\ANN_Bot_2.def" /MANIFEST:NO /DEBUG /PDB:".\Debug/ANN_Bot_2.pdb" /MAP:".\Debug/ANN_Bot_2.map" /TLBID:1 /DYNAMICBASE:NO /IMPLIB:".\Debug/ANN_Bot_2.lib" /MACHINE:X86 /SAFESEH /DLL .\Debug/mycar.obj
         .\Debug/NeuralNetwork.obj
         .\Debug/NeuronLayer.obj
         .\Debug/pathfinder.obj
         .\Debug/sensors.obj
         .\Debug/spline.obj
         .\Debug/ANN_Bot_2.obj
         .\Debug/pref.obj
         .\Debug/trackdesc.obj
            Creating library .\Debug/ANN_Bot_2.lib and object .\Debug/ANN_Bot_2.exp
         ANN_Bot_2.vcxproj -> D:\Simon\Documents\GitHub\Kandidatarbete\torcs-1.3.4\src\drivers\ANN_Bot_2\.\Debug\ANN_Bot_2.dll
       BscMake:
         D:\Program\Microsoft Visual Studio 11.0\VC\bin\bscmake.exe /nologo /o".\Debug/ANN_Bot_2.bsc" .\Debug\mycar.sbr .\Debug\NeuralNetwork.sbr .\Debug\NeuronLayer.sbr .\Debug\pathfinder.sbr .\Debug\sensors.sbr .\Debug\spline.sbr .\Debug\ANN_Bot_2.sbr .\Debug\pref.sbr .\Debug\trackdesc.sbr
       PostBuildEvent:
         copy D:\Simon\Documents\GitHub\Kandidatarbete\torcs-1.3.4\src\drivers\ANN_Bot_2\Debug\*.dll D:\Simon\Documents\GitHub\Kandidatarbete\torcs-1.3.4\runtimed\drivers\ANN_Bot_2
         :VCEnd
         D:\Simon\Documents\GitHub\Kandidatarbete\torcs-1.3.4\src\drivers\ANN_Bot_2\Debug\ANN_Bot_2.dll
         Det går inte att hitta sökvägen.
                 0 fil(er) kopierad(e).
     1>C:\Program Files (x86)\MSBuild\Microsoft.Cpp\v4.0\V110\Microsoft.CppCommon.targets(134,5): error MSB3073: The command "copy D:\Simon\Documents\GitHub\Kandidatarbete\torcs-1.3.4\src\drivers\ANN_Bot_2\Debug\*.dll D:\Simon\Documents\GitHub\Kandidatarbete\torcs-1.3.4\runtimed\drivers\ANN_Bot_2
C:\Program Files (x86)\MSBuild\Microsoft.Cpp\v4.0\V110\Microsoft.CppCommon.targets(134,5): error MSB3073: :VCEnd" exited with code 1.
     1>Done Building Project "D:\Simon\Documents\GitHub\Kandidatarbete\torcs-1.3.4\src\drivers\ANN_Bot_2\ANN_Bot_2.vcxproj" (Build target(s)) -- FAILED.

Build FAILED.

Time Elapsed 00:00:12.04
