Build started 5/26/2013 2:42:22 AM.
     1>Project "D:\Simon\Documents\GitHub\Kandidatarbete\torcs-1.3.4\src\drivers\ANN_Bot\ANN_Bot.vcxproj" on node 3 (Build target(s)).
     1>ClCompile:
         D:\Program\Microsoft Visual Studio 11.0\VC\bin\CL.exe /c /I../../../export/include /I../../windows/include /I../../.. /Zi /nologo /W2 /WX- /Od /Oy- /D WIN32 /D _DEBUG /D _WINDOWS /D _USRDLL /D ANN_Bot_EXPORTS /D DEBUG /D DEBUG_OUT /D _VC80_UPGRADE=0x0600 /D _WINDLL /D _MBCS /Gm- /EHsc /RTC1 /MTd /GS /fp:precise /Zc:wchar_t /Zc:forScope /Fo".\Debug/" /Fd".\Debug/vc110.pdb" /FR".\Debug\\" /Gd /TP /analyze- /errorReport:prompt AnnAIController.cpp ANN_Bot.cpp driver.cpp mycar.cpp NeuralLayer.cpp NeuralNetwork.cpp opponent.cpp pathfinder.cpp pit.cpp sensors.cpp spline.cpp strategy.cpp trackdesc.cpp
         AnnAIController.cpp
         ANN_Bot.cpp
         driver.cpp
         mycar.cpp
         NeuralLayer.cpp
         NeuralNetwork.cpp
         opponent.cpp
         pathfinder.cpp
         pit.cpp
         sensors.cpp
     1>sensors.cpp(129): warning C4305: 'initializing' : truncation from 'double' to 'float'
     1>sensors.cpp(159): warning C4305: 'initializing' : truncation from 'double' to 'float'
     1>sensors.cpp(189): warning C4305: 'initializing' : truncation from 'double' to 'float'
     1>sensors.cpp(219): warning C4305: 'initializing' : truncation from 'double' to 'float'
     1>sensors.cpp(273): warning C4305: 'initializing' : truncation from 'double' to 'float'
     1>sensors.cpp(296): warning C4305: 'initializing' : truncation from 'double' to 'float'
         spline.cpp
         strategy.cpp
         trackdesc.cpp
         Generating Code...
       Link:
         D:\Program\Microsoft Visual Studio 11.0\VC\bin\link.exe /ERRORREPORT:PROMPT /OUT:".\Debug/ANN_Bot.dll" /INCREMENTAL:NO /NOLOGO /LIBPATH:../../../export/libd /LIBPATH:../../windows/lib tgf.lib robottools.lib sg_vs2008_32.lib ul_vs2008_32.lib kernel32.lib user32.lib gdi32.lib winspool.lib comdlg32.lib advapi32.lib shell32.lib ole32.lib oleaut32.lib uuid.lib odbc32.lib odbccp32.lib /NODEFAULTLIB:LIBCMT /DEF:".\ANN_Bot.def" /MANIFEST:NO /DEBUG /PDB:".\Debug/ANN_Bot.pdb" /MAP:".\Debug/ANN_Bot.map" /TLBID:1 /DYNAMICBASE:NO /IMPLIB:".\Debug/ANN_Bot.lib" /MACHINE:X86 /SAFESEH /DLL .\Debug/AnnAIController.obj
         .\Debug/ANN_Bot.obj
         .\Debug/cardata.obj
         .\Debug/driver.obj
         .\Debug/learn.obj
         .\Debug/mycar.obj
         .\Debug/NeuralLayer.obj
         .\Debug/NeuralNetwork.obj
         .\Debug/opponent.obj
         .\Debug/pathfinder.obj
         .\Debug/pit.obj
         .\Debug/sensors.obj
         .\Debug/spline.obj
         .\Debug/strategy.obj
         .\Debug/trackdesc.obj
            Creating library .\Debug/ANN_Bot.lib and object .\Debug/ANN_Bot.exp
         ANN_Bot.vcxproj -> D:\Simon\Documents\GitHub\Kandidatarbete\torcs-1.3.4\src\drivers\ANN_Bot\.\Debug\ANN_Bot.dll
       BscMake:
         D:\Program\Microsoft Visual Studio 11.0\VC\bin\bscmake.exe /nologo /o".\Debug/ANN_Bot.bsc" .\Debug\AnnAIController.sbr .\Debug\ANN_Bot.sbr .\Debug\cardata.sbr .\Debug\driver.sbr .\Debug\learn.sbr .\Debug\mycar.sbr .\Debug\NeuralLayer.sbr .\Debug\NeuralNetwork.sbr .\Debug\opponent.sbr .\Debug\pathfinder.sbr .\Debug\pit.sbr .\Debug\sensors.sbr .\Debug\spline.sbr .\Debug\strategy.sbr .\Debug\trackdesc.sbr
       PostBuildEvent:
         copy D:\Simon\Documents\GitHub\Kandidatarbete\torcs-1.3.4\src\drivers\ANN_Bot\Debug\*.dll D:\Simon\Documents\GitHub\Kandidatarbete\torcs-1.3.4\runtimed\drivers\ANN_Bot
         :VCEnd
         D:\Simon\Documents\GitHub\Kandidatarbete\torcs-1.3.4\src\drivers\ANN_Bot\Debug\ANN_Bot.dll
         Det går inte att hitta sökvägen.
                 0 fil(er) kopierad(e).
     1>C:\Program Files (x86)\MSBuild\Microsoft.Cpp\v4.0\V110\Microsoft.CppCommon.targets(134,5): error MSB3073: The command "copy D:\Simon\Documents\GitHub\Kandidatarbete\torcs-1.3.4\src\drivers\ANN_Bot\Debug\*.dll D:\Simon\Documents\GitHub\Kandidatarbete\torcs-1.3.4\runtimed\drivers\ANN_Bot
C:\Program Files (x86)\MSBuild\Microsoft.Cpp\v4.0\V110\Microsoft.CppCommon.targets(134,5): error MSB3073: :VCEnd" exited with code 1.
     1>Done Building Project "D:\Simon\Documents\GitHub\Kandidatarbete\torcs-1.3.4\src\drivers\ANN_Bot\ANN_Bot.vcxproj" (Build target(s)) -- FAILED.

Build FAILED.

Time Elapsed 00:00:16.56
