Build started 5/3/2013 2:27:21 AM.
     1>Project "D:\Simon\Documents\GitHub\Kandidatarbete\torcs-1.3.4\src\drivers\olethros\olethros.vcxproj" on node 5 (Build target(s)).
     1>ClCompile:
         D:\Program\Microsoft Visual Studio 11.0\VC\bin\CL.exe /c /I../../../export/include /I../../windows/include /I../../.. /Zi /nologo /W2 /WX- /Od /Oy- /D WIN32 /D _DEBUG /D _WINDOWS /D _USRDLL /D OLETHROS_EXPORTS /D _VC80_UPGRADE=0x0600 /D _WINDLL /D _MBCS /Gm- /EHsc /RTC1 /MTd /GS /fp:precise /Zc:wchar_t /Zc:forScope /Fo".\Debug/" /Fd".\Debug/vc110.pdb" /FR".\Debug\\" /Gd /TP /analyze- /errorReport:prompt cardata.cpp driver.cpp geometry.cpp learn.cpp ..\..\libs\learning\MathFunctions.cpp olethros.cpp opponent.cpp pit.cpp spline.cpp strategy.cpp TrackData.cpp Trajectory.cpp
         cardata.cpp
         driver.cpp
         geometry.cpp
         learn.cpp
         MathFunctions.cpp
         olethros.cpp
         opponent.cpp
         pit.cpp
         spline.cpp
         strategy.cpp
         TrackData.cpp
         Trajectory.cpp
         Generating Code...
       Link:
         D:\Program\Microsoft Visual Studio 11.0\VC\bin\link.exe /ERRORREPORT:PROMPT /OUT:".\Debug/olethros.dll" /INCREMENTAL:NO /NOLOGO /LIBPATH:../../../export/libd /LIBPATH:../../windows/lib tgf.lib robottools.lib sg_vs2008_32.lib ul_vs2008_32.lib learning.lib kernel32.lib user32.lib gdi32.lib winspool.lib comdlg32.lib advapi32.lib shell32.lib ole32.lib oleaut32.lib uuid.lib odbc32.lib odbccp32.lib /NODEFAULTLIB:LIBCMT /DEF:".\olethros.def" /MANIFEST:NO /DEBUG /PDB:".\Debug/olethros.pdb" /MAP:".\Debug/olethros.map" /TLBID:1 /DYNAMICBASE:NO /IMPLIB:".\Debug/olethros.lib" /MACHINE:X86 /SAFESEH /DLL .\Debug/cardata.obj
         .\Debug/driver.obj
         .\Debug/geometry.obj
         .\Debug/learn.obj
         .\Debug/MathFunctions.obj
         .\Debug/olethros.obj
         .\Debug/opponent.obj
         .\Debug/pit.obj
         .\Debug/spline.obj
         .\Debug/strategy.obj
         .\Debug/TrackData.obj
         .\Debug/Trajectory.obj
            Creating library .\Debug/olethros.lib and object .\Debug/olethros.exp
         olethros.vcxproj -> D:\Simon\Documents\GitHub\Kandidatarbete\torcs-1.3.4\src\drivers\olethros\.\Debug\olethros.dll
       BscMake:
         D:\Program\Microsoft Visual Studio 11.0\VC\bin\bscmake.exe /nologo /o".\Debug/olethros.bsc" .\Debug\cardata.sbr .\Debug\driver.sbr .\Debug\geometry.sbr .\Debug\learn.sbr .\Debug\MathFunctions.sbr .\Debug\olethros.sbr .\Debug\opponent.sbr .\Debug\pit.sbr .\Debug\spline.sbr .\Debug\strategy.sbr .\Debug\TrackData.sbr .\Debug\Trajectory.sbr
       PostBuildEvent:
         copy D:\Simon\Documents\GitHub\Kandidatarbete\torcs-1.3.4\src\drivers\olethros\Debug\*.dll D:\Simon\Documents\GitHub\Kandidatarbete\torcs-1.3.4\runtimed\drivers\olethros
         :VCEnd
         D:\Simon\Documents\GitHub\Kandidatarbete\torcs-1.3.4\src\drivers\olethros\Debug\olethros.dll
         Det går inte att hitta sökvägen.
                 0 fil(er) kopierad(e).
     1>C:\Program Files (x86)\MSBuild\Microsoft.Cpp\v4.0\V110\Microsoft.CppCommon.targets(134,5): error MSB3073: The command "copy D:\Simon\Documents\GitHub\Kandidatarbete\torcs-1.3.4\src\drivers\olethros\Debug\*.dll D:\Simon\Documents\GitHub\Kandidatarbete\torcs-1.3.4\runtimed\drivers\olethros
C:\Program Files (x86)\MSBuild\Microsoft.Cpp\v4.0\V110\Microsoft.CppCommon.targets(134,5): error MSB3073: :VCEnd" exited with code 1.
     1>Done Building Project "D:\Simon\Documents\GitHub\Kandidatarbete\torcs-1.3.4\src\drivers\olethros\olethros.vcxproj" (Build target(s)) -- FAILED.

Build FAILED.

Time Elapsed 00:00:11.90
