Build started 5/26/2013 2:42:15 AM.
     1>Project "D:\Simon\Documents\GitHub\Kandidatarbete\torcs-1.3.4\src\drivers\bt\bt.vcxproj" on node 3 (Build target(s)).
     1>Link:
         D:\Program\Microsoft Visual Studio 11.0\VC\bin\link.exe /ERRORREPORT:PROMPT /OUT:".\Debug/bt.dll" /INCREMENTAL:NO /NOLOGO /LIBPATH:../../../export/libd /LIBPATH:../../windows/lib tgf.lib robottools.lib sg_vs2008_32.lib ul_vs2008_32.lib kernel32.lib user32.lib gdi32.lib winspool.lib comdlg32.lib advapi32.lib shell32.lib ole32.lib oleaut32.lib uuid.lib odbc32.lib odbccp32.lib /NODEFAULTLIB:LIBCMT /DEF:".\bt.def" /MANIFEST:NO /DEBUG /PDB:".\Debug/bt.pdb" /MAP:".\Debug/bt.map" /TLBID:1 /DYNAMICBASE:NO /IMPLIB:".\Debug/bt.lib" /MACHINE:X86 /SAFESEH /DLL .\Debug/bt.obj
         .\Debug/cardata.obj
         .\Debug/driver.obj
         .\Debug/learn.obj
         .\Debug/opponent.obj
         .\Debug/pit.obj
         .\Debug/spline.obj
         .\Debug/strategy.obj
            Creating library .\Debug/bt.lib and object .\Debug/bt.exp
         bt.vcxproj -> D:\Simon\Documents\GitHub\Kandidatarbete\torcs-1.3.4\src\drivers\bt\.\Debug\bt.dll
       BscMake:
         D:\Program\Microsoft Visual Studio 11.0\VC\bin\bscmake.exe /nologo /o".\Debug/bt.bsc" .\Debug\bt.sbr .\Debug\cardata.sbr .\Debug\driver.sbr .\Debug\learn.sbr .\Debug\opponent.sbr .\Debug\pit.sbr .\Debug\spline.sbr .\Debug\strategy.sbr
       PostBuildEvent:
         copy D:\Simon\Documents\GitHub\Kandidatarbete\torcs-1.3.4\src\drivers\bt\Debug\*.dll D:\Simon\Documents\GitHub\Kandidatarbete\torcs-1.3.4\runtimed\drivers\bt
         :VCEnd
         D:\Simon\Documents\GitHub\Kandidatarbete\torcs-1.3.4\src\drivers\bt\Debug\bt.dll
         Det går inte att hitta sökvägen.
                 0 fil(er) kopierad(e).
     1>C:\Program Files (x86)\MSBuild\Microsoft.Cpp\v4.0\V110\Microsoft.CppCommon.targets(134,5): error MSB3073: The command "copy D:\Simon\Documents\GitHub\Kandidatarbete\torcs-1.3.4\src\drivers\bt\Debug\*.dll D:\Simon\Documents\GitHub\Kandidatarbete\torcs-1.3.4\runtimed\drivers\bt
C:\Program Files (x86)\MSBuild\Microsoft.Cpp\v4.0\V110\Microsoft.CppCommon.targets(134,5): error MSB3073: :VCEnd" exited with code 1.
     1>Done Building Project "D:\Simon\Documents\GitHub\Kandidatarbete\torcs-1.3.4\src\drivers\bt\bt.vcxproj" (Build target(s)) -- FAILED.

Build FAILED.

Time Elapsed 00:00:05.37
