Build started 5/3/2013 2:27:33 AM.
     1>Project "D:\Simon\Documents\GitHub\Kandidatarbete\torcs-1.3.4\src\drivers\berniw_Recorder\berniw_Recorder.vcxproj" on node 5 (Build target(s)).
     1>ClCompile:
         D:\Program\Microsoft Visual Studio 11.0\VC\bin\CL.exe /c /I../../../export/include /I../../windows/include /I../../.. /Zi /nologo /W2 /WX- /Od /Oy- /D WIN32 /D _DEBUG /D _WINDOWS /D _USRDLL /D BERNIW_RECORDER_EXPORTS /D DEBUG /D DEBUG_OUT /D _VC80_UPGRADE=0x0600 /D _WINDLL /D _MBCS /Gm- /EHsc /RTC1 /MTd /GS /fp:precise /Zc:wchar_t /Zc:forScope /Fo".\Debug/" /Fd".\Debug/vc110.pdb" /FR".\Debug\\" /Gd /TP /analyze- /errorReport:prompt berniw_Recorder.cpp DistanceSensor.cpp mycar.cpp pathfinder.cpp sensors.cpp spline.cpp trackdesc.cpp
         berniw_Recorder.cpp
         DistanceSensor.cpp
         mycar.cpp
         pathfinder.cpp
         sensors.cpp
     1>sensors.cpp(129): warning C4305: 'initializing' : truncation from 'double' to 'float'
     1>sensors.cpp(159): warning C4305: 'initializing' : truncation from 'double' to 'float'
     1>sensors.cpp(189): warning C4305: 'initializing' : truncation from 'double' to 'float'
     1>sensors.cpp(219): warning C4305: 'initializing' : truncation from 'double' to 'float'
     1>sensors.cpp(273): warning C4305: 'initializing' : truncation from 'double' to 'float'
     1>sensors.cpp(296): warning C4305: 'initializing' : truncation from 'double' to 'float'
         spline.cpp
         trackdesc.cpp
         Generating Code...
       Link:
         D:\Program\Microsoft Visual Studio 11.0\VC\bin\link.exe /ERRORREPORT:PROMPT /OUT:".\Debug/berniw_Recorder.dll" /INCREMENTAL:NO /NOLOGO /LIBPATH:../../../export/libd /LIBPATH:../../windows/lib tgf.lib robottools.lib sg_vs2008_32.lib ul_vs2008_32.lib kernel32.lib user32.lib gdi32.lib winspool.lib comdlg32.lib advapi32.lib shell32.lib ole32.lib oleaut32.lib uuid.lib odbc32.lib odbccp32.lib /NODEFAULTLIB:LIBCMT /DEF:".\berniw_Recorder.def" /MANIFEST:NO /DEBUG /PDB:".\Debug/berniw_Recorder.pdb" /MAP:".\Debug/berniw_Recorder.map" /TLBID:1 /DYNAMICBASE:NO /IMPLIB:".\Debug/berniw_Recorder.lib" /MACHINE:X86 /SAFESEH /DLL .\Debug/berniw_Recorder.obj
         .\Debug/DistanceSensor.obj
         .\Debug/mycar.obj
         .\Debug/pathfinder.obj
         .\Debug/sensors.obj
         .\Debug/spline.obj
         .\Debug/trackdesc.obj
            Creating library .\Debug/berniw_Recorder.lib and object .\Debug/berniw_Recorder.exp
         berniw_Recorder.vcxproj -> D:\Simon\Documents\GitHub\Kandidatarbete\torcs-1.3.4\src\drivers\berniw_Recorder\.\Debug\berniw_Recorder.dll
       BscMake:
         D:\Program\Microsoft Visual Studio 11.0\VC\bin\bscmake.exe /nologo /o".\Debug/berniw_Recorder.bsc" .\Debug\berniw_Recorder.sbr .\Debug\DistanceSensor.sbr .\Debug\mycar.sbr .\Debug\pathfinder.sbr .\Debug\sensors.sbr .\Debug\spline.sbr .\Debug\trackdesc.sbr
       PostBuildEvent:
         copy D:\Simon\Documents\GitHub\Kandidatarbete\torcs-1.3.4\src\drivers\berniw_Recorder\Debug\*.dll D:\Simon\Documents\GitHub\Kandidatarbete\torcs-1.3.4\runtimed\drivers\berniw_Recorder
         :VCEnd
         D:\Simon\Documents\GitHub\Kandidatarbete\torcs-1.3.4\src\drivers\berniw_Recorder\Debug\berniw_Recorder.dll
         Det går inte att hitta sökvägen.
                 0 fil(er) kopierad(e).
     1>C:\Program Files (x86)\MSBuild\Microsoft.Cpp\v4.0\V110\Microsoft.CppCommon.targets(134,5): error MSB3073: The command "copy D:\Simon\Documents\GitHub\Kandidatarbete\torcs-1.3.4\src\drivers\berniw_Recorder\Debug\*.dll D:\Simon\Documents\GitHub\Kandidatarbete\torcs-1.3.4\runtimed\drivers\berniw_Recorder
C:\Program Files (x86)\MSBuild\Microsoft.Cpp\v4.0\V110\Microsoft.CppCommon.targets(134,5): error MSB3073: :VCEnd" exited with code 1.
     1>Done Building Project "D:\Simon\Documents\GitHub\Kandidatarbete\torcs-1.3.4\src\drivers\berniw_Recorder\berniw_Recorder.vcxproj" (Build target(s)) -- FAILED.

Build FAILED.

Time Elapsed 00:00:07.73
