Build started 6/14/2013 1:10:21 AM.
     1>Project "D:\Simon\Documents\GitHub\Kandidatarbete\torcs-1.3.4\src\drivers\blacky_2012\blacky_2012.vcxproj" on node 4 (Build target(s)).
     1>ClCompile:
         D:\Program\Microsoft Visual Studio 11.0\VC\bin\CL.exe /c /I../../../export/include /I../../windows/include /I"C:\Programme\Microsoft Platform SDK for Windows Server 2003 R2\Include" /ZI /nologo /W2 /WX- /Od /Oy- /D WIN32 /D _DEBUG /D _WINDOWS /D _USRDLL /D DEBUG /D DEBUG_OUT /D _CRT_SECURE_NO_DEPRECATE /D _VC80_UPGRADE=0x0600 /D _WINDLL /D _MBCS /Gm- /EHsc /RTC1 /MTd /GS /fp:precise /Zc:wchar_t /Zc:forScope /Fo".\Debug/" /Fd".\Debug/vc110.pdb" /Gd /TP /analyze- /errorReport:prompt unitcarparam.cpp unitcharacteristic.cpp unitclothoid.cpp unitcollision.cpp unitcommon.cpp unitcommondata.cpp unitcubic.cpp unitcubicspline.cpp unitdriver.cpp unitfixcarparam.cpp unitlane.cpp unitlanepoint.cpp unitlinalg.cpp unitlinreg.cpp unitmain.cpp unitopponent.cpp unitparabel.cpp unitparam.cpp unitpidctrl.cpp unitpit.cpp unitpitparam.cpp unitsection.cpp unitstrategy.cpp unitsysfoo.cpp unitteammanager.cpp unittmpcarparam.cpp unittrack.cpp unitvec2d.cpp unitvec3d.cpp
         unitcarparam.cpp
         unitcharacteristic.cpp
         unitclothoid.cpp
         unitcollision.cpp
         unitcommon.cpp
         unitcommondata.cpp
         unitcubic.cpp
         unitcubicspline.cpp
         unitdriver.cpp
         unitfixcarparam.cpp
         unitlane.cpp
         unitlanepoint.cpp
         unitlinalg.cpp
         unitlinreg.cpp
         unitmain.cpp
         unitopponent.cpp
         unitparabel.cpp
         unitparam.cpp
         unitpidctrl.cpp
         unitpit.cpp
         Generating Code...
         Compiling...
         unitpitparam.cpp
         unitsection.cpp
         unitstrategy.cpp
         unitsysfoo.cpp
         unitteammanager.cpp
         unittmpcarparam.cpp
         unittrack.cpp
         unitvec2d.cpp
         unitvec3d.cpp
         Generating Code...
       Link:
         D:\Program\Microsoft Visual Studio 11.0\VC\bin\link.exe /ERRORREPORT:PROMPT /OUT:".\Debug/blacky_2012.dll" /INCREMENTAL /NOLOGO /LIBPATH:../../../export/libd /LIBPATH:../../windows/lib /LIBPATH:"C:\Programme\Microsoft Platform SDK for Windows Server 2003 R2\Lib" tgf.lib robottools.lib sg_vs2008_32.lib ul_vs2008_32.lib user32.lib kernel32.lib user32.lib gdi32.lib winspool.lib comdlg32.lib advapi32.lib shell32.lib ole32.lib oleaut32.lib uuid.lib odbc32.lib odbccp32.lib /NODEFAULTLIB:LIBC /NODEFAULTLIB:LIBCMT /DEF:".\blacky_2012.def" /MANIFEST /MANIFESTUAC:"level='asInvoker' uiAccess='false'" /manifest:embed /DEBUG /PDB:".\Debug/blacky_2012.pdb" /MAP:".\Debug/blacky_2012.map" /TLBID:1 /DYNAMICBASE /NXCOMPAT /IMPLIB:".\Debug/blacky_2012.lib" /MACHINE:X86 /SAFESEH /DLL .\Debug/unitcarparam.obj
         .\Debug/unitcharacteristic.obj
         .\Debug/unitclothoid.obj
         .\Debug/unitcollision.obj
         .\Debug/unitcommon.obj
         .\Debug/unitcommondata.obj
         .\Debug/unitcubic.obj
         .\Debug/unitcubicspline.obj
         .\Debug/unitdriver.obj
         .\Debug/unitfixcarparam.obj
         .\Debug/unitlane.obj
         .\Debug/unitlanepoint.obj
         .\Debug/unitlinalg.obj
         .\Debug/unitlinreg.obj
         .\Debug/unitmain.obj
         .\Debug/unitopponent.obj
         .\Debug/unitparabel.obj
         .\Debug/unitparam.obj
         .\Debug/unitpidctrl.obj
         .\Debug/unitpit.obj
         .\Debug/unitpitparam.obj
         .\Debug/unitsection.obj
         .\Debug/unitstrategy.obj
         .\Debug/unitsysfoo.obj
         .\Debug/unitteammanager.obj
         .\Debug/unittmpcarparam.obj
         .\Debug/unittrack.obj
         .\Debug/unitvec2d.obj
         .\Debug/unitvec3d.obj
     1>unitcarparam.obj : warning LNK4075: ignoring '/EDITANDCONTINUE' due to '/SAFESEH' specification
            Creating library .\Debug/blacky_2012.lib and object .\Debug/blacky_2012.exp
         blacky_2012.vcxproj -> D:\Simon\Documents\GitHub\Kandidatarbete\torcs-1.3.4\src\drivers\blacky_2012\.\Debug\blacky_2012.dll
       PostBuildEvent:
         copy D:\Simon\Documents\GitHub\Kandidatarbete\torcs-1.3.4\src\drivers\blacky_2012\Debug\*.dll D:\Simon\Documents\GitHub\Kandidatarbete\torcs-1.3.4\runtimed\drivers\blacky_2012
         
         
         :VCEnd
         D:\Simon\Documents\GitHub\Kandidatarbete\torcs-1.3.4\src\drivers\blacky_2012\Debug\blacky_2012.dll
         Det går inte att hitta sökvägen.
                 0 fil(er) kopierad(e).
     1>C:\Program Files (x86)\MSBuild\Microsoft.Cpp\v4.0\V110\Microsoft.CppCommon.targets(134,5): error MSB3073: The command "copy D:\Simon\Documents\GitHub\Kandidatarbete\torcs-1.3.4\src\drivers\blacky_2012\Debug\*.dll D:\Simon\Documents\GitHub\Kandidatarbete\torcs-1.3.4\runtimed\drivers\blacky_2012
C:\Program Files (x86)\MSBuild\Microsoft.Cpp\v4.0\V110\Microsoft.CppCommon.targets(134,5): error MSB3073: 
C:\Program Files (x86)\MSBuild\Microsoft.Cpp\v4.0\V110\Microsoft.CppCommon.targets(134,5): error MSB3073: 
C:\Program Files (x86)\MSBuild\Microsoft.Cpp\v4.0\V110\Microsoft.CppCommon.targets(134,5): error MSB3073: :VCEnd" exited with code 1.
     1>Done Building Project "D:\Simon\Documents\GitHub\Kandidatarbete\torcs-1.3.4\src\drivers\blacky_2012\blacky_2012.vcxproj" (Build target(s)) -- FAILED.

Build FAILED.

Time Elapsed 00:00:12.60
